{"C:\\Users\\camya\\Desktop\\fs-notes-app\\frontend\\src\\App.jsx": {"path":"C:\\Users\\camya\\Desktop\\fs-notes-app\\frontend\\src\\App.jsx","all":true,"statementMap":{"0":{"start":{"line":1,"column":0},"end":{"line":1,"column":51}},"1":{"start":{"line":2,"column":0},"end":{"line":2,"column":85}},"2":{"start":{"line":3,"column":0},"end":{"line":3,"column":86}},"3":{"start":{"line":4,"column":0},"end":{"line":4,"column":77}},"4":{"start":{"line":5,"column":0},"end":{"line":5,"column":90}},"5":{"start":{"line":6,"column":0},"end":{"line":6,"column":78}},"6":{"start":{"line":7,"column":0},"end":{"line":7,"column":103}},"7":{"start":{"line":8,"column":0},"end":{"line":8,"column":78}},"9":{"start":{"line":10,"column":0},"end":{"line":10,"column":19}},"11":{"start":{"line":12,"column":0},"end":{"line":12,"column":69}},"12":{"start":{"line":13,"column":0},"end":{"line":13,"column":105}},"13":{"start":{"line":14,"column":0},"end":{"line":14,"column":70}},"14":{"start":{"line":15,"column":0},"end":{"line":15,"column":83}},"15":{"start":{"line":16,"column":0},"end":{"line":16,"column":70}},"17":{"start":{"line":18,"column":0},"end":{"line":18,"column":30}},"21":{"start":{"line":22,"column":0},"end":{"line":22,"column":19}},"22":{"start":{"line":23,"column":0},"end":{"line":23,"column":49}},"23":{"start":{"line":24,"column":0},"end":{"line":24,"column":31}},"24":{"start":{"line":25,"column":0},"end":{"line":25,"column":6}},"25":{"start":{"line":26,"column":0},"end":{"line":26,"column":8}},"29":{"start":{"line":30,"column":0},"end":{"line":30,"column":19}},"30":{"start":{"line":31,"column":0},"end":{"line":31,"column":75}},"31":{"start":{"line":32,"column":0},"end":{"line":32,"column":25}},"32":{"start":{"line":33,"column":0},"end":{"line":33,"column":45}},"33":{"start":{"line":34,"column":0},"end":{"line":34,"column":19}},"34":{"start":{"line":35,"column":0},"end":{"line":35,"column":38}},"35":{"start":{"line":36,"column":0},"end":{"line":36,"column":5}},"36":{"start":{"line":37,"column":0},"end":{"line":37,"column":8}},"40":{"start":{"line":41,"column":0},"end":{"line":41,"column":29}},"41":{"start":{"line":42,"column":0},"end":{"line":42,"column":13}},"42":{"start":{"line":43,"column":0},"end":{"line":43,"column":46}},"46":{"start":{"line":47,"column":0},"end":{"line":47,"column":35}},"47":{"start":{"line":48,"column":0},"end":{"line":48,"column":17}},"48":{"start":{"line":49,"column":0},"end":{"line":49,"column":21}},"49":{"start":{"line":50,"column":0},"end":{"line":50,"column":22}},"50":{"start":{"line":51,"column":0},"end":{"line":51,"column":22}},"51":{"start":{"line":52,"column":0},"end":{"line":52,"column":19}},"52":{"start":{"line":53,"column":0},"end":{"line":53,"column":12}},"53":{"start":{"line":54,"column":0},"end":{"line":54,"column":3}},"56":{"start":{"line":57,"column":0},"end":{"line":57,"column":35}},"57":{"start":{"line":58,"column":0},"end":{"line":58,"column":42}},"60":{"start":{"line":61,"column":0},"end":{"line":61,"column":15}},"61":{"start":{"line":62,"column":0},"end":{"line":62,"column":25}},"63":{"start":{"line":64,"column":0},"end":{"line":64,"column":31}},"65":{"start":{"line":66,"column":0},"end":{"line":66,"column":49}},"67":{"start":{"line":68,"column":0},"end":{"line":68,"column":57}},"68":{"start":{"line":69,"column":0},"end":{"line":69,"column":8}},"69":{"start":{"line":70,"column":0},"end":{"line":70,"column":25}},"70":{"start":{"line":71,"column":0},"end":{"line":71,"column":55}},"71":{"start":{"line":72,"column":0},"end":{"line":72,"column":8}},"72":{"start":{"line":73,"column":0},"end":{"line":73,"column":3}},"75":{"start":{"line":76,"column":0},"end":{"line":76,"column":38}},"77":{"start":{"line":78,"column":0},"end":{"line":78,"column":49}},"79":{"start":{"line":80,"column":0},"end":{"line":80,"column":62}},"81":{"start":{"line":82,"column":0},"end":{"line":82,"column":15}},"82":{"start":{"line":83,"column":0},"end":{"line":83,"column":29}},"84":{"start":{"line":85,"column":0},"end":{"line":85,"column":31}},"86":{"start":{"line":87,"column":0},"end":{"line":87,"column":73}},"87":{"start":{"line":88,"column":0},"end":{"line":88,"column":8}},"89":{"start":{"line":90,"column":0},"end":{"line":90,"column":25}},"91":{"start":{"line":92,"column":0},"end":{"line":92,"column":55}},"92":{"start":{"line":93,"column":0},"end":{"line":93,"column":55}},"93":{"start":{"line":94,"column":0},"end":{"line":94,"column":8}},"94":{"start":{"line":95,"column":0},"end":{"line":95,"column":3}},"97":{"start":{"line":98,"column":0},"end":{"line":98,"column":53}},"99":{"start":{"line":100,"column":0},"end":{"line":100,"column":9}},"101":{"start":{"line":102,"column":0},"end":{"line":102,"column":67}},"104":{"start":{"line":105,"column":0},"end":{"line":105,"column":76}},"107":{"start":{"line":108,"column":0},"end":{"line":108,"column":38}},"109":{"start":{"line":110,"column":0},"end":{"line":110,"column":19}},"110":{"start":{"line":111,"column":0},"end":{"line":111,"column":25}},"111":{"start":{"line":112,"column":0},"end":{"line":112,"column":42}},"112":{"start":{"line":113,"column":0},"end":{"line":113,"column":5}},"113":{"start":{"line":114,"column":0},"end":{"line":114,"column":3}},"116":{"start":{"line":117,"column":0},"end":{"line":117,"column":27}},"117":{"start":{"line":118,"column":0},"end":{"line":118,"column":35}},"118":{"start":{"line":119,"column":0},"end":{"line":119,"column":16}},"121":{"start":{"line":122,"column":0},"end":{"line":122,"column":34}},"122":{"start":{"line":123,"column":0},"end":{"line":123,"column":8}},"123":{"start":{"line":124,"column":0},"end":{"line":124,"column":16}},"127":{"start":{"line":128,"column":0},"end":{"line":128,"column":26}},"130":{"start":{"line":131,"column":0},"end":{"line":131,"column":56}},"131":{"start":{"line":132,"column":0},"end":{"line":132,"column":39}},"132":{"start":{"line":133,"column":0},"end":{"line":133,"column":16}},"135":{"start":{"line":136,"column":0},"end":{"line":136,"column":10}},"136":{"start":{"line":137,"column":0},"end":{"line":137,"column":9}},"137":{"start":{"line":138,"column":0},"end":{"line":138,"column":20}},"138":{"start":{"line":139,"column":0},"end":{"line":139,"column":52}},"141":{"start":{"line":142,"column":0},"end":{"line":142,"column":24}},"142":{"start":{"line":143,"column":0},"end":{"line":143,"column":19}},"144":{"start":{"line":145,"column":0},"end":{"line":145,"column":13}},"145":{"start":{"line":146,"column":0},"end":{"line":146,"column":40}},"146":{"start":{"line":147,"column":0},"end":{"line":147,"column":22}},"147":{"start":{"line":148,"column":0},"end":{"line":148,"column":14}},"150":{"start":{"line":151,"column":0},"end":{"line":151,"column":51}},"151":{"start":{"line":152,"column":0},"end":{"line":152,"column":97}},"152":{"start":{"line":153,"column":0},"end":{"line":153,"column":44}},"153":{"start":{"line":154,"column":0},"end":{"line":154,"column":15}},"154":{"start":{"line":155,"column":0},"end":{"line":155,"column":10}},"156":{"start":{"line":157,"column":0},"end":{"line":157,"column":36}},"157":{"start":{"line":158,"column":0},"end":{"line":158,"column":15}},"158":{"start":{"line":159,"column":0},"end":{"line":159,"column":25}},"159":{"start":{"line":160,"column":0},"end":{"line":160,"column":23}},"161":{"start":{"line":162,"column":0},"end":{"line":162,"column":64}},"162":{"start":{"line":163,"column":0},"end":{"line":163,"column":12}},"163":{"start":{"line":164,"column":0},"end":{"line":164,"column":11}},"164":{"start":{"line":165,"column":0},"end":{"line":165,"column":11}},"165":{"start":{"line":166,"column":0},"end":{"line":166,"column":10}},"167":{"start":{"line":168,"column":0},"end":{"line":168,"column":1}},"169":{"start":{"line":170,"column":0},"end":{"line":170,"column":18}}},"s":{"0":0,"1":0,"2":0,"3":0,"4":0,"5":0,"6":0,"7":0,"9":0,"11":0,"12":0,"13":0,"14":0,"15":0,"17":0,"21":0,"22":0,"23":0,"24":0,"25":0,"29":0,"30":0,"31":0,"32":0,"33":0,"34":0,"35":0,"36":0,"40":0,"41":0,"42":0,"46":0,"47":0,"48":0,"49":0,"50":0,"51":0,"52":0,"53":0,"56":0,"57":0,"60":0,"61":0,"63":0,"65":0,"67":0,"68":0,"69":0,"70":0,"71":0,"72":0,"75":0,"77":0,"79":0,"81":0,"82":0,"84":0,"86":0,"87":0,"89":0,"91":0,"92":0,"93":0,"94":0,"97":0,"99":0,"101":0,"104":0,"107":0,"109":0,"110":0,"111":0,"112":0,"113":0,"116":0,"117":0,"118":0,"121":0,"122":0,"123":0,"127":0,"130":0,"131":0,"132":0,"135":0,"136":0,"137":0,"138":0,"141":0,"142":0,"144":0,"145":0,"146":0,"147":0,"150":0,"151":0,"152":0,"153":0,"154":0,"156":0,"157":0,"158":0,"159":0,"161":0,"162":0,"163":0,"164":0,"165":0,"167":0,"169":0},"branchMap":{"0":{"type":"branch","line":1,"loc":{"start":{"line":1,"column":7192},"end":{"line":170,"column":18}},"locations":[{"start":{"line":1,"column":7192},"end":{"line":170,"column":18}}]}},"b":{"0":[0]},"fnMap":{"0":{"name":"(empty-report)","decl":{"start":{"line":1,"column":7192},"end":{"line":170,"column":18}},"loc":{"start":{"line":1,"column":7192},"end":{"line":170,"column":18}},"line":1}},"f":{"0":0}}
,"C:\\Users\\camya\\Desktop\\fs-notes-app\\frontend\\src\\main.jsx": {"path":"C:\\Users\\camya\\Desktop\\fs-notes-app\\frontend\\src\\main.jsx","all":true,"statementMap":{"0":{"start":{"line":1,"column":0},"end":{"line":1,"column":40}},"1":{"start":{"line":2,"column":0},"end":{"line":2,"column":24}},"2":{"start":{"line":3,"column":0},"end":{"line":3,"column":21}},"4":{"start":{"line":5,"column":0},"end":{"line":5,"column":69}}},"s":{"0":0,"1":0,"2":0,"4":0},"branchMap":{"0":{"type":"branch","line":1,"loc":{"start":{"line":1,"column":158},"end":{"line":5,"column":69}},"locations":[{"start":{"line":1,"column":158},"end":{"line":5,"column":69}}]}},"b":{"0":[0]},"fnMap":{"0":{"name":"(empty-report)","decl":{"start":{"line":1,"column":158},"end":{"line":5,"column":69}},"loc":{"start":{"line":1,"column":158},"end":{"line":5,"column":69}},"line":1}},"f":{"0":0}}
,"C:\\Users\\camya\\Desktop\\fs-notes-app\\frontend\\src\\components\\LoginForm.jsx": {"path":"C:\\Users\\camya\\Desktop\\fs-notes-app\\frontend\\src\\components\\LoginForm.jsx","all":true,"statementMap":{"0":{"start":{"line":1,"column":0},"end":{"line":1,"column":37}},"1":{"start":{"line":2,"column":0},"end":{"line":2,"column":32}},"2":{"start":{"line":3,"column":0},"end":{"line":3,"column":34}},"3":{"start":{"line":4,"column":0},"end":{"line":4,"column":41}},"5":{"start":{"line":6,"column":0},"end":{"line":6,"column":74}},"6":{"start":{"line":7,"column":0},"end":{"line":7,"column":74}},"9":{"start":{"line":10,"column":0},"end":{"line":10,"column":34}},"10":{"start":{"line":11,"column":0},"end":{"line":11,"column":26}},"11":{"start":{"line":12,"column":0},"end":{"line":12,"column":36}},"13":{"start":{"line":14,"column":0},"end":{"line":14,"column":19}},"14":{"start":{"line":15,"column":0},"end":{"line":15,"column":19}},"15":{"start":{"line":16,"column":0},"end":{"line":16,"column":3}},"17":{"start":{"line":18,"column":0},"end":{"line":18,"column":10}},"18":{"start":{"line":19,"column":0},"end":{"line":19,"column":33}},"19":{"start":{"line":20,"column":0},"end":{"line":20,"column":11}},"21":{"start":{"line":22,"column":0},"end":{"line":22,"column":14}},"22":{"start":{"line":23,"column":0},"end":{"line":23,"column":21}},"23":{"start":{"line":24,"column":0},"end":{"line":24,"column":26}},"24":{"start":{"line":25,"column":0},"end":{"line":25,"column":25}},"25":{"start":{"line":26,"column":0},"end":{"line":26,"column":62}},"26":{"start":{"line":27,"column":0},"end":{"line":27,"column":10}},"27":{"start":{"line":28,"column":0},"end":{"line":28,"column":12}},"28":{"start":{"line":29,"column":0},"end":{"line":29,"column":11}},"30":{"start":{"line":31,"column":0},"end":{"line":31,"column":14}},"31":{"start":{"line":32,"column":0},"end":{"line":32,"column":21}},"32":{"start":{"line":33,"column":0},"end":{"line":33,"column":26}},"33":{"start":{"line":34,"column":0},"end":{"line":34,"column":25}},"34":{"start":{"line":35,"column":0},"end":{"line":35,"column":62}},"35":{"start":{"line":36,"column":0},"end":{"line":36,"column":10}},"36":{"start":{"line":37,"column":0},"end":{"line":37,"column":12}},"37":{"start":{"line":38,"column":0},"end":{"line":38,"column":42}},"38":{"start":{"line":39,"column":0},"end":{"line":39,"column":11}},"40":{"start":{"line":41,"column":0},"end":{"line":41,"column":1}},"42":{"start":{"line":43,"column":0},"end":{"line":43,"column":23}},"43":{"start":{"line":44,"column":0},"end":{"line":44,"column":42}},"44":{"start":{"line":45,"column":0},"end":{"line":45,"column":1}},"46":{"start":{"line":47,"column":0},"end":{"line":47,"column":24}}},"s":{"0":0,"1":0,"2":0,"3":0,"5":0,"6":0,"9":0,"10":0,"11":0,"13":0,"14":0,"15":0,"17":0,"18":0,"19":0,"21":0,"22":0,"23":0,"24":0,"25":0,"26":0,"27":0,"28":0,"30":0,"31":0,"32":0,"33":0,"34":0,"35":0,"36":0,"37":0,"38":0,"40":0,"42":0,"43":0,"44":0,"46":0},"branchMap":{"0":{"type":"branch","line":1,"loc":{"start":{"line":1,"column":0},"end":{"line":47,"column":-372}},"locations":[{"start":{"line":1,"column":0},"end":{"line":47,"column":-372}}]}},"b":{"0":[0]},"fnMap":{"0":{"name":"(empty-report)","decl":{"start":{"line":1,"column":0},"end":{"line":47,"column":-372}},"loc":{"start":{"line":1,"column":0},"end":{"line":47,"column":-372}},"line":1}},"f":{"0":0}}
,"C:\\Users\\camya\\Desktop\\fs-notes-app\\frontend\\src\\components\\Note.jsx": {"path":"C:\\Users\\camya\\Desktop\\fs-notes-app\\frontend\\src\\components\\Note.jsx","all":false,"statementMap":{"0":{"start":{"line":1,"column":0},"end":{"line":1,"column":37}},"2":{"start":{"line":3,"column":0},"end":{"line":3,"column":46}},"4":{"start":{"line":5,"column":0},"end":{"line":5,"column":72}},"5":{"start":{"line":6,"column":0},"end":{"line":6,"column":10}},"6":{"start":{"line":7,"column":0},"end":{"line":7,"column":25}},"7":{"start":{"line":8,"column":0},"end":{"line":8,"column":20}},"8":{"start":{"line":9,"column":0},"end":{"line":9,"column":57}},"9":{"start":{"line":10,"column":0},"end":{"line":10,"column":9}},"11":{"start":{"line":12,"column":0},"end":{"line":12,"column":1}},"13":{"start":{"line":14,"column":0},"end":{"line":14,"column":19}}},"s":{"0":1,"2":1,"4":2,"5":2,"6":2,"7":2,"8":2,"9":2,"11":2,"13":1},"branchMap":{"0":{"type":"branch","line":3,"loc":{"start":{"line":3,"column":13},"end":{"line":12,"column":1}},"locations":[{"start":{"line":3,"column":13},"end":{"line":12,"column":1}}]},"1":{"type":"branch","line":5,"loc":{"start":{"line":5,"column":33},"end":{"line":5,"column":72}},"locations":[{"start":{"line":5,"column":33},"end":{"line":5,"column":72}}]}},"b":{"0":[2],"1":[0]},"fnMap":{"0":{"name":"Note","decl":{"start":{"line":3,"column":13},"end":{"line":12,"column":1}},"loc":{"start":{"line":3,"column":13},"end":{"line":12,"column":1}},"line":3}},"f":{"0":2}}
,"C:\\Users\\camya\\Desktop\\fs-notes-app\\frontend\\src\\components\\NoteForm.jsx": {"path":"C:\\Users\\camya\\Desktop\\fs-notes-app\\frontend\\src\\components\\NoteForm.jsx","all":false,"statementMap":{"0":{"start":{"line":1,"column":0},"end":{"line":1,"column":37}},"1":{"start":{"line":2,"column":0},"end":{"line":2,"column":32}},"3":{"start":{"line":4,"column":0},"end":{"line":4,"column":38}},"5":{"start":{"line":6,"column":0},"end":{"line":6,"column":44}},"8":{"start":{"line":9,"column":0},"end":{"line":9,"column":30}},"9":{"start":{"line":10,"column":0},"end":{"line":10,"column":26}},"11":{"start":{"line":12,"column":0},"end":{"line":12,"column":16}},"12":{"start":{"line":13,"column":0},"end":{"line":13,"column":23}},"13":{"start":{"line":14,"column":0},"end":{"line":14,"column":22}},"14":{"start":{"line":15,"column":0},"end":{"line":15,"column":6}},"16":{"start":{"line":17,"column":0},"end":{"line":17,"column":18}},"17":{"start":{"line":18,"column":0},"end":{"line":18,"column":3}},"19":{"start":{"line":20,"column":0},"end":{"line":20,"column":10}},"20":{"start":{"line":21,"column":0},"end":{"line":21,"column":29}},"21":{"start":{"line":22,"column":0},"end":{"line":22,"column":32}},"23":{"start":{"line":24,"column":0},"end":{"line":24,"column":31}},"24":{"start":{"line":25,"column":0},"end":{"line":25,"column":14}},"26":{"start":{"line":27,"column":0},"end":{"line":27,"column":25}},"28":{"start":{"line":29,"column":0},"end":{"line":29,"column":62}},"29":{"start":{"line":30,"column":0},"end":{"line":30,"column":47}},"30":{"start":{"line":31,"column":0},"end":{"line":31,"column":10}},"31":{"start":{"line":32,"column":0},"end":{"line":32,"column":43}},"32":{"start":{"line":33,"column":0},"end":{"line":33,"column":13}},"33":{"start":{"line":34,"column":0},"end":{"line":34,"column":10}},"35":{"start":{"line":36,"column":0},"end":{"line":36,"column":1}},"37":{"start":{"line":38,"column":0},"end":{"line":38,"column":23}}},"s":{"0":1,"1":1,"3":1,"5":20,"8":20,"9":1,"11":1,"12":1,"13":1,"14":1,"16":1,"17":1,"19":20,"20":20,"21":20,"23":20,"24":20,"26":20,"28":20,"29":20,"30":20,"31":20,"32":20,"33":20,"35":20,"37":1},"branchMap":{"0":{"type":"branch","line":4,"loc":{"start":{"line":4,"column":17},"end":{"line":36,"column":1}},"locations":[{"start":{"line":4,"column":17},"end":{"line":36,"column":1}}]},"1":{"type":"branch","line":9,"loc":{"start":{"line":9,"column":18},"end":{"line":18,"column":3}},"locations":[{"start":{"line":9,"column":18},"end":{"line":18,"column":3}}]},"2":{"type":"branch","line":29,"loc":{"start":{"line":29,"column":20},"end":{"line":29,"column":62}},"locations":[{"start":{"line":29,"column":20},"end":{"line":29,"column":62}}]}},"b":{"0":[20],"1":[1],"2":[18]},"fnMap":{"0":{"name":"NoteForm","decl":{"start":{"line":4,"column":17},"end":{"line":36,"column":1}},"loc":{"start":{"line":4,"column":17},"end":{"line":36,"column":1}},"line":4},"1":{"name":"addNote","decl":{"start":{"line":9,"column":18},"end":{"line":18,"column":3}},"loc":{"start":{"line":9,"column":18},"end":{"line":18,"column":3}},"line":9},"2":{"name":"onChange","decl":{"start":{"line":29,"column":20},"end":{"line":29,"column":62}},"loc":{"start":{"line":29,"column":20},"end":{"line":29,"column":62}},"line":29}},"f":{"0":20,"1":1,"2":18}}
,"C:\\Users\\camya\\Desktop\\fs-notes-app\\frontend\\src\\components\\Notification.jsx": {"path":"C:\\Users\\camya\\Desktop\\fs-notes-app\\frontend\\src\\components\\Notification.jsx","all":true,"statementMap":{"0":{"start":{"line":1,"column":0},"end":{"line":1,"column":37}},"2":{"start":{"line":3,"column":0},"end":{"line":3,"column":45}},"4":{"start":{"line":5,"column":0},"end":{"line":5,"column":25}},"5":{"start":{"line":6,"column":0},"end":{"line":6,"column":15}},"6":{"start":{"line":7,"column":0},"end":{"line":7,"column":32}},"7":{"start":{"line":8,"column":0},"end":{"line":8,"column":51}},"8":{"start":{"line":9,"column":0},"end":{"line":9,"column":34}},"9":{"start":{"line":10,"column":0},"end":{"line":10,"column":51}},"10":{"start":{"line":11,"column":0},"end":{"line":11,"column":32}},"11":{"start":{"line":12,"column":0},"end":{"line":12,"column":49}},"12":{"start":{"line":13,"column":0},"end":{"line":13,"column":3}},"13":{"start":{"line":14,"column":0},"end":{"line":14,"column":1}},"15":{"start":{"line":16,"column":0},"end":{"line":16,"column":27}}},"s":{"0":0,"2":0,"4":0,"5":0,"6":0,"7":0,"8":0,"9":0,"10":0,"11":0,"12":0,"13":0,"15":0},"branchMap":{"0":{"type":"branch","line":1,"loc":{"start":{"line":1,"column":0},"end":{"line":16,"column":-217}},"locations":[{"start":{"line":1,"column":0},"end":{"line":16,"column":-217}}]}},"b":{"0":[0]},"fnMap":{"0":{"name":"(empty-report)","decl":{"start":{"line":1,"column":0},"end":{"line":16,"column":-217}},"loc":{"start":{"line":1,"column":0},"end":{"line":16,"column":-217}},"line":1}},"f":{"0":0}}
,"C:\\Users\\camya\\Desktop\\fs-notes-app\\frontend\\src\\components\\Togglable.jsx": {"path":"C:\\Users\\camya\\Desktop\\fs-notes-app\\frontend\\src\\components\\Togglable.jsx","all":false,"statementMap":{"0":{"start":{"line":1,"column":0},"end":{"line":1,"column":37}},"1":{"start":{"line":2,"column":0},"end":{"line":2,"column":65}},"3":{"start":{"line":4,"column":0},"end":{"line":4,"column":34}},"5":{"start":{"line":6,"column":0},"end":{"line":6,"column":47}},"7":{"start":{"line":8,"column":0},"end":{"line":8,"column":47}},"12":{"start":{"line":13,"column":0},"end":{"line":13,"column":60}},"15":{"start":{"line":16,"column":0},"end":{"line":16,"column":60}},"18":{"start":{"line":19,"column":0},"end":{"line":19,"column":34}},"19":{"start":{"line":20,"column":0},"end":{"line":20,"column":24}},"20":{"start":{"line":21,"column":0},"end":{"line":21,"column":3}},"23":{"start":{"line":24,"column":0},"end":{"line":24,"column":35}},"24":{"start":{"line":25,"column":0},"end":{"line":25,"column":12}},"25":{"start":{"line":26,"column":0},"end":{"line":26,"column":23}},"26":{"start":{"line":27,"column":0},"end":{"line":27,"column":5}},"27":{"start":{"line":28,"column":0},"end":{"line":28,"column":4}},"29":{"start":{"line":30,"column":0},"end":{"line":30,"column":10}},"30":{"start":{"line":31,"column":0},"end":{"line":31,"column":9}},"33":{"start":{"line":34,"column":0},"end":{"line":34,"column":35}},"35":{"start":{"line":36,"column":0},"end":{"line":36,"column":71}},"36":{"start":{"line":37,"column":0},"end":{"line":37,"column":12}},"39":{"start":{"line":40,"column":0},"end":{"line":40,"column":64}},"40":{"start":{"line":41,"column":0},"end":{"line":41,"column":24}},"43":{"start":{"line":44,"column":0},"end":{"line":44,"column":58}},"44":{"start":{"line":45,"column":0},"end":{"line":45,"column":12}},"45":{"start":{"line":46,"column":0},"end":{"line":46,"column":10}},"47":{"start":{"line":48,"column":0},"end":{"line":48,"column":2}},"52":{"start":{"line":53,"column":0},"end":{"line":53,"column":35}},"54":{"start":{"line":55,"column":0},"end":{"line":55,"column":23}},"55":{"start":{"line":56,"column":0},"end":{"line":56,"column":43}},"56":{"start":{"line":57,"column":0},"end":{"line":57,"column":1}},"58":{"start":{"line":59,"column":0},"end":{"line":59,"column":24}}},"s":{"0":1,"1":1,"3":1,"5":1,"7":7,"12":7,"15":7,"18":7,"19":3,"20":3,"23":7,"24":0,"25":0,"26":0,"27":7,"29":7,"30":7,"33":7,"35":7,"36":7,"39":7,"40":7,"43":7,"44":7,"45":7,"47":7,"52":1,"54":1,"55":1,"56":1,"58":1},"branchMap":{"0":{"type":"branch","line":6,"loc":{"start":{"line":6,"column":29},"end":{"line":48,"column":2}},"locations":[{"start":{"line":6,"column":29},"end":{"line":48,"column":2}}]},"1":{"type":"branch","line":13,"loc":{"start":{"line":13,"column":37},"end":{"line":13,"column":56}},"locations":[{"start":{"line":13,"column":37},"end":{"line":13,"column":56}}]},"2":{"type":"branch","line":13,"loc":{"start":{"line":13,"column":47},"end":{"line":13,"column":59}},"locations":[{"start":{"line":13,"column":47},"end":{"line":13,"column":59}}]},"3":{"type":"branch","line":16,"loc":{"start":{"line":16,"column":37},"end":{"line":16,"column":52}},"locations":[{"start":{"line":16,"column":37},"end":{"line":16,"column":52}}]},"4":{"type":"branch","line":16,"loc":{"start":{"line":16,"column":47},"end":{"line":16,"column":59}},"locations":[{"start":{"line":16,"column":47},"end":{"line":16,"column":59}}]},"5":{"type":"branch","line":19,"loc":{"start":{"line":19,"column":27},"end":{"line":21,"column":3}},"locations":[{"start":{"line":19,"column":27},"end":{"line":21,"column":3}}]}},"b":{"0":[7],"1":[2],"2":[5],"3":[2],"4":[5],"5":[3]},"fnMap":{"0":{"name":"toggleVisibility","decl":{"start":{"line":19,"column":27},"end":{"line":21,"column":3}},"loc":{"start":{"line":19,"column":27},"end":{"line":21,"column":3}},"line":19}},"f":{"0":3}}
,"C:\\Users\\camya\\Desktop\\fs-notes-app\\frontend\\src\\services\\login.js": {"path":"C:\\Users\\camya\\Desktop\\fs-notes-app\\frontend\\src\\services\\login.js","all":true,"statementMap":{"0":{"start":{"line":1,"column":0},"end":{"line":1,"column":25}},"1":{"start":{"line":2,"column":0},"end":{"line":2,"column":28}},"2":{"start":{"line":3,"column":0},"end":{"line":3,"column":0}},"3":{"start":{"line":4,"column":0},"end":{"line":4,"column":38}},"4":{"start":{"line":5,"column":0},"end":{"line":5,"column":57}},"5":{"start":{"line":6,"column":0},"end":{"line":6,"column":22}},"6":{"start":{"line":7,"column":0},"end":{"line":7,"column":1}},"7":{"start":{"line":8,"column":0},"end":{"line":8,"column":0}},"8":{"start":{"line":9,"column":0},"end":{"line":9,"column":24}}},"s":{"0":0,"1":0,"2":0,"3":0,"4":0,"5":0,"6":0,"7":0,"8":0},"branchMap":{"0":{"type":"branch","line":1,"loc":{"start":{"line":1,"column":0},"end":{"line":9,"column":-58}},"locations":[{"start":{"line":1,"column":0},"end":{"line":9,"column":-58}}]}},"b":{"0":[0]},"fnMap":{"0":{"name":"(empty-report)","decl":{"start":{"line":1,"column":0},"end":{"line":9,"column":-58}},"loc":{"start":{"line":1,"column":0},"end":{"line":9,"column":-58}},"line":1}},"f":{"0":0}}
,"C:\\Users\\camya\\Desktop\\fs-notes-app\\frontend\\src\\services\\notes.js": {"path":"C:\\Users\\camya\\Desktop\\fs-notes-app\\frontend\\src\\services\\notes.js","all":true,"statementMap":{"0":{"start":{"line":1,"column":0},"end":{"line":1,"column":25}},"1":{"start":{"line":2,"column":0},"end":{"line":2,"column":28}},"2":{"start":{"line":3,"column":0},"end":{"line":3,"column":0}},"3":{"start":{"line":4,"column":0},"end":{"line":4,"column":16}},"4":{"start":{"line":5,"column":0},"end":{"line":5,"column":0}},"5":{"start":{"line":6,"column":0},"end":{"line":6,"column":32}},"6":{"start":{"line":7,"column":0},"end":{"line":7,"column":30}},"7":{"start":{"line":8,"column":0},"end":{"line":8,"column":1}},"8":{"start":{"line":9,"column":0},"end":{"line":9,"column":0}},"9":{"start":{"line":10,"column":0},"end":{"line":10,"column":22}},"10":{"start":{"line":11,"column":0},"end":{"line":11,"column":36}},"11":{"start":{"line":12,"column":0},"end":{"line":12,"column":0}},"12":{"start":{"line":13,"column":0},"end":{"line":13,"column":50}},"13":{"start":{"line":14,"column":0},"end":{"line":14,"column":1}},"14":{"start":{"line":15,"column":0},"end":{"line":15,"column":0}},"15":{"start":{"line":16,"column":0},"end":{"line":16,"column":37}},"16":{"start":{"line":17,"column":0},"end":{"line":17,"column":18}},"17":{"start":{"line":18,"column":0},"end":{"line":18,"column":38}},"18":{"start":{"line":19,"column":0},"end":{"line":19,"column":3}},"19":{"start":{"line":20,"column":0},"end":{"line":20,"column":63}},"20":{"start":{"line":21,"column":0},"end":{"line":21,"column":22}},"21":{"start":{"line":22,"column":0},"end":{"line":22,"column":1}},"22":{"start":{"line":23,"column":0},"end":{"line":23,"column":0}},"23":{"start":{"line":24,"column":0},"end":{"line":24,"column":35}},"24":{"start":{"line":25,"column":0},"end":{"line":25,"column":58}},"25":{"start":{"line":26,"column":0},"end":{"line":26,"column":50}},"26":{"start":{"line":27,"column":0},"end":{"line":27,"column":1}},"27":{"start":{"line":28,"column":0},"end":{"line":28,"column":0}},"28":{"start":{"line":29,"column":0},"end":{"line":29,"column":16}},"29":{"start":{"line":30,"column":0},"end":{"line":30,"column":9}},"30":{"start":{"line":31,"column":0},"end":{"line":31,"column":9}},"31":{"start":{"line":32,"column":0},"end":{"line":32,"column":9}},"32":{"start":{"line":33,"column":0},"end":{"line":33,"column":11}},"33":{"start":{"line":34,"column":0},"end":{"line":34,"column":1}}},"s":{"0":0,"1":0,"2":0,"3":0,"4":0,"5":0,"6":0,"7":0,"8":0,"9":0,"10":0,"11":0,"12":0,"13":0,"14":0,"15":0,"16":0,"17":0,"18":0,"19":0,"20":0,"21":0,"22":0,"23":0,"24":0,"25":0,"26":0,"27":0,"28":0,"29":0,"30":0,"31":0,"32":0,"33":0},"branchMap":{"0":{"type":"branch","line":1,"loc":{"start":{"line":1,"column":0},"end":{"line":34,"column":-142}},"locations":[{"start":{"line":1,"column":0},"end":{"line":34,"column":-142}}]}},"b":{"0":[0]},"fnMap":{"0":{"name":"(empty-report)","decl":{"start":{"line":1,"column":0},"end":{"line":34,"column":-142}},"loc":{"start":{"line":1,"column":0},"end":{"line":34,"column":-142}},"line":1}},"f":{"0":0}}
}
